2021-12-27 14:12:896 INFO  ManageDriver :34 - Launching Chrome Browser
2021-12-27 14:12:774 INFO  OurStorePage :82 - scroll on map:[[ChromeDriver: chrome on WINDOWS (1c9e7e25eb5cf6715512b34e71ab83de)] -> id: map]
2021-12-27 14:12:232 INFO  OurStorePage :89 - scroll on map:[[ChromeDriver: chrome on WINDOWS (1c9e7e25eb5cf6715512b34e71ab83de)] -> id: map]
2021-12-27 14:12:927 INFO  ManageDriver :34 - Launching Chrome Browser
2021-12-27 15:12:114 INFO  OurStorePage :82 - scroll on map:[[ChromeDriver: chrome on WINDOWS (51c321f5985e4756fb36c1eaea7c905f)] -> id: map]
2021-12-27 15:12:540 INFO  OurStorePage :89 - scroll on map:[[ChromeDriver: chrome on WINDOWS (51c321f5985e4756fb36c1eaea7c905f)] -> id: map]
2021-12-28 15:12:824 INFO  ManageDriver :34 - Launching Chrome Browser
2021-12-28 15:12:886 INFO  SignInPage :32 - enter email:[[ChromeDriver: chrome on WINDOWS (3c6c810b366f357e52408391c125d1cb)] -> id: email_create]
2021-12-28 15:12:10 INFO  SignInPage :37 - click on button[[ChromeDriver: chrome on WINDOWS (3c6c810b366f357e52408391c125d1cb)] -> id: SubmitCreate]
2021-12-28 15:12:145 INFO  ManageDriver :34 - Launching Chrome Browser
2021-12-28 15:12:336 INFO  SignInPage :32 - enter email:[[ChromeDriver: chrome on WINDOWS (a71212a01f4f740c894a9ea91f2f7948)] -> id: email_create]
2021-12-28 15:12:449 INFO  SignInPage :37 - click on button[[ChromeDriver: chrome on WINDOWS (a71212a01f4f740c894a9ea91f2f7948)] -> id: SubmitCreate]
2021-12-28 15:12:549 INFO  ManageDriver :34 - Launching Chrome Browser
2021-12-28 15:12:860 INFO  OurStorePage :82 - scroll on map:[[ChromeDriver: chrome on WINDOWS (d6a4dbcb11634a647f692536960e4010)] -> id: map]
2021-12-28 15:12:317 INFO  OurStorePage :89 - scroll on map:[[ChromeDriver: chrome on WINDOWS (d6a4dbcb11634a647f692536960e4010)] -> id: map]
2021-12-28 15:12:34 INFO  ManageDriver :34 - Launching Chrome Browser
2021-12-28 15:12:855 INFO  CasualDress :37 - Mouse Hover On :[[ChromeDriver: chrome on WINDOWS (e47f8a50251062cf1dec65c49c839e39)] -> xpath: //img[@title='Printed Dress']]
2021-12-28 15:12:946 INFO  CasualDress :45 - click on cart [[ChromeDriver: chrome on WINDOWS (e47f8a50251062cf1dec65c49c839e39)] -> xpath: //a[@title='Add to cart']//span]
2021-12-28 15:12:672 INFO  CasualDress :49 - close window[[ChromeDriver: chrome on WINDOWS (e47f8a50251062cf1dec65c49c839e39)] -> xpath: //span[@title='Close window']]
2021-12-28 15:12:869 INFO  CasualDress :54 - mouseHover on :[[ChromeDriver: chrome on WINDOWS (e47f8a50251062cf1dec65c49c839e39)] -> xpath: //span[@class='ajax_cart_product_txt unvisible']]
2021-12-28 15:12:985 INFO  CasualDress :59 - click on close :[[ChromeDriver: chrome on WINDOWS (e47f8a50251062cf1dec65c49c839e39)] -> xpath: //a[@class='ajax_cart_block_remove_link']]
2021-12-28 15:12:89 INFO  ProductOrderPage :47 - delete messageProxy element for: DefaultElementLocator 'By.xpath: //p[contains(text(),'Your shopping cart is empty.')]'
2021-12-28 15:12:352 INFO  ManageDriver :34 - Launching Chrome Browser
2021-12-28 15:12:983 INFO  HomePage :57 - click on casual dress: [[ChromeDriver: chrome on WINDOWS (978ca2952dc7ca285711741d85096e6b)] -> xpath: (//ul)[4]//li//a]
2021-12-28 15:12:04 INFO  HomePage :57 - click on casual dress: [[ChromeDriver: chrome on WINDOWS (978ca2952dc7ca285711741d85096e6b)] -> xpath: (//ul)[4]//li//a]
2021-12-28 15:12:10 INFO  ManageDriver :34 - Launching Chrome Browser
2021-12-28 15:12:837 INFO  HomePage :57 - click on casual dress: [[ChromeDriver: chrome on WINDOWS (3f2c8d14bcf50858e098fc1c04798559)] -> xpath: (//ul)[4]//li//a]
2021-12-28 15:12:853 INFO  HomePage :57 - click on casual dress: [[ChromeDriver: chrome on WINDOWS (3f2c8d14bcf50858e098fc1c04798559)] -> xpath: (//ul)[4]//li//a]
2021-12-28 15:12:736 INFO  SummerDressPage :46 - move slider to left until :[[ChromeDriver: chrome on WINDOWS (3f2c8d14bcf50858e098fc1c04798559)] -> xpath: //div[@id='left_column']//a[2]]
2021-12-28 15:12:89 INFO  ManageDriver :34 - Launching Chrome Browser
2021-12-28 15:12:222 INFO  SignInPage :32 - enter email:[[ChromeDriver: chrome on WINDOWS (35dcc14e503d484b55b728ce00020180)] -> id: email_create]
2021-12-28 15:12:351 INFO  SignInPage :37 - click on button[[ChromeDriver: chrome on WINDOWS (35dcc14e503d484b55b728ce00020180)] -> id: SubmitCreate]
2021-12-28 15:12:394 INFO  ManageDriver :34 - Launching Chrome Browser
2021-12-28 15:12:319 INFO  ManageDriver :34 - Launching Chrome Browser
2021-12-28 15:12:96 INFO  SignInPage :32 - enter email:[[ChromeDriver: chrome on WINDOWS (5760eded02cce673da16bef992eba2e1)] -> id: email_create]
2021-12-28 15:12:236 INFO  SignInPage :37 - click on button[[ChromeDriver: chrome on WINDOWS (5760eded02cce673da16bef992eba2e1)] -> id: SubmitCreate]
2021-12-28 15:12:213 INFO  ManageDriver :34 - Launching Chrome Browser
2021-12-28 15:12:897 INFO  SignInPage :32 - enter email:[[ChromeDriver: chrome on WINDOWS (9e900b3c93523d4b635e091479eb8541)] -> id: email_create]
2021-12-28 15:12:28 INFO  SignInPage :37 - click on button[[ChromeDriver: chrome on WINDOWS (9e900b3c93523d4b635e091479eb8541)] -> id: SubmitCreate]
2021-12-28 15:12:432 INFO  CreateAccountPage :87 - Entering Customer first name :[[ChromeDriver: chrome on WINDOWS (9e900b3c93523d4b635e091479eb8541)] -> xpath: //input[@id='customer_firstname']]
2021-12-28 15:12:567 INFO  CreateAccountPage :93 - Entering customer last name :[[ChromeDriver: chrome on WINDOWS (9e900b3c93523d4b635e091479eb8541)] -> xpath: //input[@id='customer_lastname']]
2021-12-28 15:12:856 INFO  CreateAccountPage :105 - Entering password :[[ChromeDriver: chrome on WINDOWS (9e900b3c93523d4b635e091479eb8541)] -> xpath: //input[@id='passwd']]
2021-12-28 15:12:169 INFO  CreateAccountPage :113 - Selecting day :[[ChromeDriver: chrome on WINDOWS (9e900b3c93523d4b635e091479eb8541)] -> xpath: //select[@id='days']]
2021-12-28 15:12:401 INFO  CreateAccountPage :120 - Selecting month :[[ChromeDriver: chrome on WINDOWS (9e900b3c93523d4b635e091479eb8541)] -> xpath: //select[@id='months']]
2021-12-28 15:12:656 INFO  CreateAccountPage :127 - Selecting year :[[ChromeDriver: chrome on WINDOWS (9e900b3c93523d4b635e091479eb8541)] -> xpath: //select[@id='years']]
2021-12-28 15:12:185 INFO  ManageDriver :34 - Launching Chrome Browser
2021-12-28 16:12:816 INFO  ManageDriver :34 - Launching Chrome Browser
2021-12-28 16:12:675 INFO  SignInPage :32 - enter email:[[ChromeDriver: chrome on WINDOWS (ff06fd05157b5c65176cf4ff85f0292d)] -> id: email_create]
2021-12-28 16:12:795 INFO  SignInPage :37 - click on button[[ChromeDriver: chrome on WINDOWS (ff06fd05157b5c65176cf4ff85f0292d)] -> id: SubmitCreate]
2021-12-28 16:12:781 INFO  CreateAccountPage :79 - Select option :[[ChromeDriver: chrome on WINDOWS (ff06fd05157b5c65176cf4ff85f0292d)] -> xpath: //label[@for='id_gender2']]
2021-12-28 16:12:922 INFO  CreateAccountPage :87 - Entering Customer first name :[[ChromeDriver: chrome on WINDOWS (ff06fd05157b5c65176cf4ff85f0292d)] -> xpath: //input[@id='customer_firstname']]
2021-12-28 16:12:57 INFO  CreateAccountPage :93 - Entering customer last name :[[ChromeDriver: chrome on WINDOWS (ff06fd05157b5c65176cf4ff85f0292d)] -> xpath: //input[@id='customer_lastname']]
2021-12-28 16:12:466 INFO  CreateAccountPage :105 - Entering password :[[ChromeDriver: chrome on WINDOWS (ff06fd05157b5c65176cf4ff85f0292d)] -> xpath: //input[@id='passwd']]
2021-12-28 16:12:767 INFO  CreateAccountPage :113 - Selecting day :[[ChromeDriver: chrome on WINDOWS (ff06fd05157b5c65176cf4ff85f0292d)] -> xpath: //select[@id='days']]
2021-12-28 16:12:996 INFO  CreateAccountPage :120 - Selecting month :[[ChromeDriver: chrome on WINDOWS (ff06fd05157b5c65176cf4ff85f0292d)] -> xpath: //select[@id='months']]
2021-12-28 16:12:311 INFO  CreateAccountPage :127 - Selecting year :[[ChromeDriver: chrome on WINDOWS (ff06fd05157b5c65176cf4ff85f0292d)] -> xpath: //select[@id='years']]
2021-12-28 16:12:776 INFO  ManageDriver :34 - Launching Chrome Browser
2021-12-28 16:12:285 INFO  ManageDriver :34 - Launching Chrome Browser
2021-12-28 16:12:147 INFO  SignInPage :32 - enter email:[[ChromeDriver: chrome on WINDOWS (150f6b23f017eb0699a9985390f8db7b)] -> id: email_create]
2021-12-28 16:12:262 INFO  SignInPage :37 - click on button[[ChromeDriver: chrome on WINDOWS (150f6b23f017eb0699a9985390f8db7b)] -> id: SubmitCreate]
2021-12-28 16:12:983 INFO  CreateAccountPage :79 - Select option :[[ChromeDriver: chrome on WINDOWS (150f6b23f017eb0699a9985390f8db7b)] -> xpath: //label[@for='id_gender2']]
2021-12-28 16:12:203 INFO  CreateAccountPage :87 - Entering Customer first name :[[ChromeDriver: chrome on WINDOWS (150f6b23f017eb0699a9985390f8db7b)] -> xpath: //input[@id='customer_firstname']]
2021-12-28 16:12:357 INFO  CreateAccountPage :93 - Entering customer last name :[[ChromeDriver: chrome on WINDOWS (150f6b23f017eb0699a9985390f8db7b)] -> xpath: //input[@id='customer_lastname']]
2021-12-28 16:12:869 INFO  CreateAccountPage :106 - Entering password :[[ChromeDriver: chrome on WINDOWS (150f6b23f017eb0699a9985390f8db7b)] -> xpath: //input[@id='passwd']]
2021-12-28 16:12:179 INFO  CreateAccountPage :114 - Selecting day :[[ChromeDriver: chrome on WINDOWS (150f6b23f017eb0699a9985390f8db7b)] -> xpath: //select[@id='days']]
2021-12-28 16:12:399 INFO  CreateAccountPage :121 - Selecting month :[[ChromeDriver: chrome on WINDOWS (150f6b23f017eb0699a9985390f8db7b)] -> xpath: //select[@id='months']]
2021-12-28 16:12:691 INFO  CreateAccountPage :128 - Selecting year :[[ChromeDriver: chrome on WINDOWS (150f6b23f017eb0699a9985390f8db7b)] -> xpath: //select[@id='years']]
2021-12-28 16:12:802 INFO  CreateAccountPage :134 - Entering first name :[[ChromeDriver: chrome on WINDOWS (150f6b23f017eb0699a9985390f8db7b)] -> id: firstname]
2021-12-28 16:12:912 INFO  CreateAccountPage :140 - Entering last name :[[ChromeDriver: chrome on WINDOWS (150f6b23f017eb0699a9985390f8db7b)] -> id: lastname]
2021-12-28 16:12:48 INFO  CreateAccountPage :146 - Entering company :[[ChromeDriver: chrome on WINDOWS (150f6b23f017eb0699a9985390f8db7b)] -> id: company]
2021-12-28 16:12:172 INFO  CreateAccountPage :152 - Entering address1 :[[ChromeDriver: chrome on WINDOWS (150f6b23f017eb0699a9985390f8db7b)] -> id: address1]
2021-12-28 16:12:282 INFO  CreateAccountPage :164 - Entering city :[[ChromeDriver: chrome on WINDOWS (150f6b23f017eb0699a9985390f8db7b)] -> id: city]
2021-12-28 16:12:628 INFO  ManageDriver :34 - Launching Chrome Browser
2021-12-28 16:12:25 INFO  ManageDriver :34 - Launching Chrome Browser
2021-12-28 16:12:233 INFO  SignInPage :32 - enter email:[[ChromeDriver: chrome on WINDOWS (c8226eff2a950c5ce34d5d9c17edbd4b)] -> id: email_create]
2021-12-28 16:12:360 INFO  SignInPage :37 - click on button[[ChromeDriver: chrome on WINDOWS (c8226eff2a950c5ce34d5d9c17edbd4b)] -> id: SubmitCreate]
2021-12-28 16:12:606 INFO  CreateAccountPage :79 - Select option :[[ChromeDriver: chrome on WINDOWS (c8226eff2a950c5ce34d5d9c17edbd4b)] -> xpath: //label[@for='id_gender2']]
2021-12-28 16:12:735 INFO  CreateAccountPage :87 - Entering Customer first name :[[ChromeDriver: chrome on WINDOWS (c8226eff2a950c5ce34d5d9c17edbd4b)] -> xpath: //input[@id='customer_firstname']]
2021-12-28 16:12:864 INFO  CreateAccountPage :93 - Entering customer last name :[[ChromeDriver: chrome on WINDOWS (c8226eff2a950c5ce34d5d9c17edbd4b)] -> xpath: //input[@id='customer_lastname']]
2021-12-28 16:12:276 INFO  CreateAccountPage :106 - Entering password :[[ChromeDriver: chrome on WINDOWS (c8226eff2a950c5ce34d5d9c17edbd4b)] -> xpath: //input[@id='passwd']]
2021-12-28 16:12:511 INFO  CreateAccountPage :114 - Selecting day :[[ChromeDriver: chrome on WINDOWS (c8226eff2a950c5ce34d5d9c17edbd4b)] -> xpath: //select[@id='days']]
2021-12-28 16:12:702 INFO  CreateAccountPage :121 - Selecting month :[[ChromeDriver: chrome on WINDOWS (c8226eff2a950c5ce34d5d9c17edbd4b)] -> xpath: //select[@id='months']]
2021-12-28 16:12:964 INFO  CreateAccountPage :128 - Selecting year :[[ChromeDriver: chrome on WINDOWS (c8226eff2a950c5ce34d5d9c17edbd4b)] -> xpath: //select[@id='years']]
2021-12-28 16:12:83 INFO  CreateAccountPage :134 - Entering first name :[[ChromeDriver: chrome on WINDOWS (c8226eff2a950c5ce34d5d9c17edbd4b)] -> id: firstname]
2021-12-28 16:12:200 INFO  CreateAccountPage :140 - Entering last name :[[ChromeDriver: chrome on WINDOWS (c8226eff2a950c5ce34d5d9c17edbd4b)] -> id: lastname]
2021-12-28 16:12:355 INFO  CreateAccountPage :146 - Entering company :[[ChromeDriver: chrome on WINDOWS (c8226eff2a950c5ce34d5d9c17edbd4b)] -> id: company]
2021-12-28 16:12:546 INFO  CreateAccountPage :152 - Entering address1 :[[ChromeDriver: chrome on WINDOWS (c8226eff2a950c5ce34d5d9c17edbd4b)] -> id: address1]
2021-12-28 16:12:665 INFO  CreateAccountPage :164 - Entering city :[[ChromeDriver: chrome on WINDOWS (c8226eff2a950c5ce34d5d9c17edbd4b)] -> id: city]
2021-12-28 16:12:22 INFO  ManageDriver :34 - Launching Chrome Browser
2021-12-28 16:12:657 INFO  ManageDriver :34 - Launching Chrome Browser
2021-12-28 16:12:85 INFO  ManageDriver :34 - Launching Chrome Browser
2021-12-28 16:12:637 INFO  ManageDriver :34 - Launching Chrome Browser
2021-12-28 16:12:506 INFO  SignInPage :32 - enter email:[[ChromeDriver: chrome on WINDOWS (6235333d1d3b23b820d4a2782e18fa0f)] -> id: email_create]
2021-12-28 16:12:616 INFO  SignInPage :37 - click on button[[ChromeDriver: chrome on WINDOWS (6235333d1d3b23b820d4a2782e18fa0f)] -> id: SubmitCreate]
2021-12-28 16:12:177 INFO  CreateAccountPage :79 - Select option :[[ChromeDriver: chrome on WINDOWS (6235333d1d3b23b820d4a2782e18fa0f)] -> xpath: //label[@for='id_gender2']]
2021-12-28 16:12:297 INFO  CreateAccountPage :87 - Entering Customer first name :[[ChromeDriver: chrome on WINDOWS (6235333d1d3b23b820d4a2782e18fa0f)] -> xpath: //input[@id='customer_firstname']]
2021-12-28 16:12:445 INFO  CreateAccountPage :93 - Entering customer last name :[[ChromeDriver: chrome on WINDOWS (6235333d1d3b23b820d4a2782e18fa0f)] -> xpath: //input[@id='customer_lastname']]
2021-12-28 16:12:886 INFO  CreateAccountPage :106 - Entering password :[[ChromeDriver: chrome on WINDOWS (6235333d1d3b23b820d4a2782e18fa0f)] -> xpath: //input[@id='passwd']]
2021-12-28 16:12:172 INFO  CreateAccountPage :114 - Selecting day :[[ChromeDriver: chrome on WINDOWS (6235333d1d3b23b820d4a2782e18fa0f)] -> xpath: //select[@id='days']]
2021-12-28 16:12:463 INFO  CreateAccountPage :121 - Selecting month :[[ChromeDriver: chrome on WINDOWS (6235333d1d3b23b820d4a2782e18fa0f)] -> xpath: //select[@id='months']]
2021-12-28 16:12:786 INFO  CreateAccountPage :128 - Selecting year :[[ChromeDriver: chrome on WINDOWS (6235333d1d3b23b820d4a2782e18fa0f)] -> xpath: //select[@id='years']]
2021-12-28 16:12:898 INFO  CreateAccountPage :134 - Entering first name :[[ChromeDriver: chrome on WINDOWS (6235333d1d3b23b820d4a2782e18fa0f)] -> id: firstname]
2021-12-28 16:12:05 INFO  CreateAccountPage :140 - Entering last name :[[ChromeDriver: chrome on WINDOWS (6235333d1d3b23b820d4a2782e18fa0f)] -> id: lastname]
2021-12-28 16:12:150 INFO  CreateAccountPage :146 - Entering company :[[ChromeDriver: chrome on WINDOWS (6235333d1d3b23b820d4a2782e18fa0f)] -> id: company]
2021-12-28 16:12:294 INFO  CreateAccountPage :152 - Entering address1 :[[ChromeDriver: chrome on WINDOWS (6235333d1d3b23b820d4a2782e18fa0f)] -> id: address1]
2021-12-28 16:12:404 INFO  CreateAccountPage :164 - Entering city :[[ChromeDriver: chrome on WINDOWS (6235333d1d3b23b820d4a2782e18fa0f)] -> id: city]
2021-12-28 16:12:614 INFO  ManageDriver :34 - Launching Chrome Browser
2021-12-28 16:12:664 INFO  SignInPage :32 - enter email:[[ChromeDriver: chrome on WINDOWS (a91d442a45a198c1edd3e6b33eefb137)] -> id: email_create]
2021-12-28 16:12:778 INFO  SignInPage :37 - click on button[[ChromeDriver: chrome on WINDOWS (a91d442a45a198c1edd3e6b33eefb137)] -> id: SubmitCreate]
2021-12-28 16:12:204 INFO  CreateAccountPage :79 - Select option :[[ChromeDriver: chrome on WINDOWS (a91d442a45a198c1edd3e6b33eefb137)] -> xpath: //label[@for='id_gender2']]
2021-12-28 16:12:331 INFO  CreateAccountPage :87 - Entering Customer first name :[[ChromeDriver: chrome on WINDOWS (a91d442a45a198c1edd3e6b33eefb137)] -> xpath: //input[@id='customer_firstname']]
2021-12-28 16:12:451 INFO  CreateAccountPage :93 - Entering customer last name :[[ChromeDriver: chrome on WINDOWS (a91d442a45a198c1edd3e6b33eefb137)] -> xpath: //input[@id='customer_lastname']]
2021-12-28 16:12:887 INFO  CreateAccountPage :106 - Entering password :[[ChromeDriver: chrome on WINDOWS (a91d442a45a198c1edd3e6b33eefb137)] -> xpath: //input[@id='passwd']]
2021-12-28 16:12:184 INFO  CreateAccountPage :114 - Selecting day :[[ChromeDriver: chrome on WINDOWS (a91d442a45a198c1edd3e6b33eefb137)] -> xpath: //select[@id='days']]
2021-12-28 16:12:388 INFO  CreateAccountPage :121 - Selecting month :[[ChromeDriver: chrome on WINDOWS (a91d442a45a198c1edd3e6b33eefb137)] -> xpath: //select[@id='months']]
2021-12-28 16:12:638 INFO  CreateAccountPage :128 - Selecting year :[[ChromeDriver: chrome on WINDOWS (a91d442a45a198c1edd3e6b33eefb137)] -> xpath: //select[@id='years']]
2021-12-28 16:12:851 INFO  CreateAccountPage :135 - Entering first name :[[ChromeDriver: chrome on WINDOWS (a91d442a45a198c1edd3e6b33eefb137)] -> id: firstname]
2021-12-28 16:12:44 INFO  CreateAccountPage :142 - Entering last name :[[ChromeDriver: chrome on WINDOWS (a91d442a45a198c1edd3e6b33eefb137)] -> id: lastname]
2021-12-28 16:12:184 INFO  CreateAccountPage :148 - Entering company :[[ChromeDriver: chrome on WINDOWS (a91d442a45a198c1edd3e6b33eefb137)] -> id: company]
2021-12-28 16:12:325 INFO  CreateAccountPage :154 - Entering address1 :[[ChromeDriver: chrome on WINDOWS (a91d442a45a198c1edd3e6b33eefb137)] -> id: address1]
2021-12-28 16:12:462 INFO  CreateAccountPage :166 - Entering city :[[ChromeDriver: chrome on WINDOWS (a91d442a45a198c1edd3e6b33eefb137)] -> id: city]
2021-12-28 16:12:157 INFO  ManageDriver :34 - Launching Chrome Browser
2021-12-28 16:12:801 INFO  SignInPage :32 - enter email:[[ChromeDriver: chrome on WINDOWS (5f3e8c331f2d9eaee964f892e5155010)] -> id: email_create]
2021-12-28 16:12:921 INFO  SignInPage :37 - click on button[[ChromeDriver: chrome on WINDOWS (5f3e8c331f2d9eaee964f892e5155010)] -> id: SubmitCreate]
2021-12-28 16:12:203 INFO  CreateAccountPage :77 - Select option :[[ChromeDriver: chrome on WINDOWS (5f3e8c331f2d9eaee964f892e5155010)] -> xpath: //label[@for='id_gender2']]
2021-12-28 16:12:329 INFO  CreateAccountPage :83 - Entering Customer first name :[[ChromeDriver: chrome on WINDOWS (5f3e8c331f2d9eaee964f892e5155010)] -> xpath: //input[@id='customer_firstname']]
2021-12-28 16:12:447 INFO  CreateAccountPage :88 - Entering customer last name :[[ChromeDriver: chrome on WINDOWS (5f3e8c331f2d9eaee964f892e5155010)] -> xpath: //input[@id='customer_lastname']]
2021-12-28 16:12:865 INFO  CreateAccountPage :99 - Entering password :[[ChromeDriver: chrome on WINDOWS (5f3e8c331f2d9eaee964f892e5155010)] -> xpath: //input[@id='passwd']]
2021-12-28 16:12:69 INFO  CreateAccountPage :106 - Selecting day :[[ChromeDriver: chrome on WINDOWS (5f3e8c331f2d9eaee964f892e5155010)] -> xpath: //select[@id='days']]
2021-12-28 16:12:284 INFO  CreateAccountPage :112 - Selecting month :[[ChromeDriver: chrome on WINDOWS (5f3e8c331f2d9eaee964f892e5155010)] -> xpath: //select[@id='months']]
2021-12-28 16:12:516 INFO  CreateAccountPage :118 - Selecting year :[[ChromeDriver: chrome on WINDOWS (5f3e8c331f2d9eaee964f892e5155010)] -> xpath: //select[@id='years']]
2021-12-28 16:12:665 INFO  CreateAccountPage :124 - Entering first name :[[ChromeDriver: chrome on WINDOWS (5f3e8c331f2d9eaee964f892e5155010)] -> id: firstname]
2021-12-28 16:12:815 INFO  CreateAccountPage :130 - Entering last name :[[ChromeDriver: chrome on WINDOWS (5f3e8c331f2d9eaee964f892e5155010)] -> id: lastname]
2021-12-28 16:12:912 INFO  CreateAccountPage :135 - Entering company :[[ChromeDriver: chrome on WINDOWS (5f3e8c331f2d9eaee964f892e5155010)] -> id: company]
2021-12-28 16:12:45 INFO  CreateAccountPage :140 - Entering address1 :[[ChromeDriver: chrome on WINDOWS (5f3e8c331f2d9eaee964f892e5155010)] -> id: address1]
2021-12-28 16:12:141 INFO  CreateAccountPage :150 - Entering city :[[ChromeDriver: chrome on WINDOWS (5f3e8c331f2d9eaee964f892e5155010)] -> id: city]
2021-12-28 16:12:48 INFO  CreateAccountPage :157 - Selecting state :[[ChromeDriver: chrome on WINDOWS (5f3e8c331f2d9eaee964f892e5155010)] -> xpath: //select[@id='id_state']]
2021-12-28 16:12:161 INFO  CreateAccountPage :162 - Entering postcode :[[ChromeDriver: chrome on WINDOWS (5f3e8c331f2d9eaee964f892e5155010)] -> xpath: //input[@id='postcode']]
2021-12-28 16:12:261 INFO  CreateAccountPage :168 - Selecting country :[[ChromeDriver: chrome on WINDOWS (5f3e8c331f2d9eaee964f892e5155010)] -> xpath: //select[@id='id_country']]
2021-12-28 16:12:397 INFO  CreateAccountPage :183 - Entering mobile no :[[ChromeDriver: chrome on WINDOWS (5f3e8c331f2d9eaee964f892e5155010)] -> id: phone_mobile]
2021-12-28 16:12:508 INFO  CreateAccountPage :188 - Entering alias :[[ChromeDriver: chrome on WINDOWS (5f3e8c331f2d9eaee964f892e5155010)] -> id: alias]
2021-12-28 16:12:556 INFO  ManageDriver :34 - Launching Chrome Browser
2021-12-28 16:12:162 INFO  OurStorePage :82 - scroll on map:[[ChromeDriver: chrome on WINDOWS (3b4dd12c7128eab1c8e04db5a6c005cc)] -> id: map]
2021-12-28 16:12:564 INFO  OurStorePage :89 - scroll on map:[[ChromeDriver: chrome on WINDOWS (3b4dd12c7128eab1c8e04db5a6c005cc)] -> id: map]
2021-12-28 16:12:404 INFO  ManageDriver :34 - Launching Chrome Browser
2021-12-28 16:12:347 INFO  CasualDress :37 - Mouse Hover On :[[ChromeDriver: chrome on WINDOWS (eb652691a84aa913cd14b0ca3d5cdce0)] -> xpath: //img[@title='Printed Dress']]
2021-12-28 16:12:439 INFO  CasualDress :45 - click on cart [[ChromeDriver: chrome on WINDOWS (eb652691a84aa913cd14b0ca3d5cdce0)] -> xpath: //a[@title='Add to cart']//span]
2021-12-28 16:12:49 INFO  CasualDress :49 - close window[[ChromeDriver: chrome on WINDOWS (eb652691a84aa913cd14b0ca3d5cdce0)] -> xpath: //span[@title='Close window']]
2021-12-28 16:12:222 INFO  CasualDress :54 - mouseHover on :[[ChromeDriver: chrome on WINDOWS (eb652691a84aa913cd14b0ca3d5cdce0)] -> xpath: //span[@class='ajax_cart_product_txt unvisible']]
2021-12-28 16:12:336 INFO  CasualDress :59 - click on close :[[ChromeDriver: chrome on WINDOWS (eb652691a84aa913cd14b0ca3d5cdce0)] -> xpath: //a[@class='ajax_cart_block_remove_link']]
2021-12-28 16:12:418 INFO  ProductOrderPage :47 - delete messageProxy element for: DefaultElementLocator 'By.xpath: //p[contains(text(),'Your shopping cart is empty.')]'
2021-12-28 16:12:860 INFO  ManageDriver :34 - Launching Chrome Browser
2021-12-28 16:12:704 INFO  HomePage :57 - click on casual dress: [[ChromeDriver: chrome on WINDOWS (03015bac652aa2ae67f7826092401e9a)] -> xpath: (//ul)[4]//li//a]
2021-12-28 16:12:708 INFO  HomePage :57 - click on casual dress: [[ChromeDriver: chrome on WINDOWS (03015bac652aa2ae67f7826092401e9a)] -> xpath: (//ul)[4]//li//a]
2021-12-28 16:12:512 INFO  ManageDriver :34 - Launching Chrome Browser
2021-12-28 16:12:799 INFO  HomePage :57 - click on casual dress: [[ChromeDriver: chrome on WINDOWS (d0b09aed1dacebb6ecfcb67d70389cfe)] -> xpath: (//ul)[4]//li//a]
2021-12-28 16:12:816 INFO  HomePage :57 - click on casual dress: [[ChromeDriver: chrome on WINDOWS (d0b09aed1dacebb6ecfcb67d70389cfe)] -> xpath: (//ul)[4]//li//a]
2021-12-28 16:12:660 INFO  SummerDressPage :46 - move slider to left until :[[ChromeDriver: chrome on WINDOWS (d0b09aed1dacebb6ecfcb67d70389cfe)] -> xpath: //div[@id='left_column']//a[2]]
2021-12-28 19:12:714 INFO  ManageDriver :34 - Launching Chrome Browser
2021-12-28 19:12:683 INFO  SignInPage :32 - enter email:[[ChromeDriver: chrome on WINDOWS (a5f5e1437ed809755263a2230c39cb4e)] -> id: email_create]
2021-12-28 19:12:811 INFO  SignInPage :37 - click on button[[ChromeDriver: chrome on WINDOWS (a5f5e1437ed809755263a2230c39cb4e)] -> id: SubmitCreate]
2021-12-28 19:12:451 INFO  CreateAccountPage :77 - Select option :[[ChromeDriver: chrome on WINDOWS (a5f5e1437ed809755263a2230c39cb4e)] -> xpath: //label[@for='id_gender2']]
2021-12-28 19:12:567 INFO  CreateAccountPage :83 - Entering Customer first name :[[ChromeDriver: chrome on WINDOWS (a5f5e1437ed809755263a2230c39cb4e)] -> xpath: //input[@id='customer_firstname']]
2021-12-28 19:12:698 INFO  CreateAccountPage :88 - Entering customer last name :[[ChromeDriver: chrome on WINDOWS (a5f5e1437ed809755263a2230c39cb4e)] -> xpath: //input[@id='customer_lastname']]
2021-12-28 19:12:117 INFO  CreateAccountPage :99 - Entering password :[[ChromeDriver: chrome on WINDOWS (a5f5e1437ed809755263a2230c39cb4e)] -> xpath: //input[@id='passwd']]
2021-12-28 19:12:335 INFO  CreateAccountPage :106 - Selecting day :[[ChromeDriver: chrome on WINDOWS (a5f5e1437ed809755263a2230c39cb4e)] -> xpath: //select[@id='days']]
2021-12-28 19:12:540 INFO  CreateAccountPage :112 - Selecting month :[[ChromeDriver: chrome on WINDOWS (a5f5e1437ed809755263a2230c39cb4e)] -> xpath: //select[@id='months']]
2021-12-28 19:12:803 INFO  CreateAccountPage :118 - Selecting year :[[ChromeDriver: chrome on WINDOWS (a5f5e1437ed809755263a2230c39cb4e)] -> xpath: //select[@id='years']]
2021-12-28 19:12:947 INFO  CreateAccountPage :124 - Entering first name :[[ChromeDriver: chrome on WINDOWS (a5f5e1437ed809755263a2230c39cb4e)] -> id: firstname]
2021-12-28 19:12:92 INFO  CreateAccountPage :130 - Entering last name :[[ChromeDriver: chrome on WINDOWS (a5f5e1437ed809755263a2230c39cb4e)] -> id: lastname]
2021-12-28 19:12:194 INFO  CreateAccountPage :135 - Entering company :[[ChromeDriver: chrome on WINDOWS (a5f5e1437ed809755263a2230c39cb4e)] -> id: company]
2021-12-28 19:12:309 INFO  CreateAccountPage :140 - Entering address1 :[[ChromeDriver: chrome on WINDOWS (a5f5e1437ed809755263a2230c39cb4e)] -> id: address1]
2021-12-28 19:12:401 INFO  CreateAccountPage :150 - Entering city :[[ChromeDriver: chrome on WINDOWS (a5f5e1437ed809755263a2230c39cb4e)] -> id: city]
2021-12-28 19:12:192 INFO  CreateAccountPage :157 - Selecting state :[[ChromeDriver: chrome on WINDOWS (a5f5e1437ed809755263a2230c39cb4e)] -> xpath: //select[@id='id_state']]
2021-12-28 19:12:290 INFO  CreateAccountPage :162 - Entering postcode :[[ChromeDriver: chrome on WINDOWS (a5f5e1437ed809755263a2230c39cb4e)] -> xpath: //input[@id='postcode']]
2021-12-28 19:12:372 INFO  CreateAccountPage :168 - Selecting country :[[ChromeDriver: chrome on WINDOWS (a5f5e1437ed809755263a2230c39cb4e)] -> xpath: //select[@id='id_country']]
2021-12-28 19:12:464 INFO  CreateAccountPage :183 - Entering mobile no :[[ChromeDriver: chrome on WINDOWS (a5f5e1437ed809755263a2230c39cb4e)] -> id: phone_mobile]
2021-12-28 19:12:605 INFO  CreateAccountPage :189 - Entering alias :[[ChromeDriver: chrome on WINDOWS (a5f5e1437ed809755263a2230c39cb4e)] -> id: alias]
2021-12-28 19:12:932 INFO  CreateAccountPage :194 - Click Register[[ChromeDriver: chrome on WINDOWS (a5f5e1437ed809755263a2230c39cb4e)] -> xpath: //button[@id='submitAccount']]
2021-12-28 19:12:250 INFO  ManageDriver :34 - Launching Chrome Browser
2021-12-28 19:12:343 INFO  ManageDriver :34 - Launching Chrome Browser
2021-12-28 19:12:868 INFO  SignInPage :32 - enter email:[[ChromeDriver: chrome on WINDOWS (43c8ef2912cd4e063ab3ac85a8012d59)] -> id: email_create]
2021-12-28 19:12:981 INFO  SignInPage :37 - click on button[[ChromeDriver: chrome on WINDOWS (43c8ef2912cd4e063ab3ac85a8012d59)] -> id: SubmitCreate]
2021-12-28 19:12:565 INFO  CreateAccountPage :77 - Select option :[[ChromeDriver: chrome on WINDOWS (43c8ef2912cd4e063ab3ac85a8012d59)] -> xpath: //label[@for='id_gender2']]
2021-12-28 19:12:690 INFO  CreateAccountPage :83 - Entering Customer first name :[[ChromeDriver: chrome on WINDOWS (43c8ef2912cd4e063ab3ac85a8012d59)] -> xpath: //input[@id='customer_firstname']]
2021-12-28 19:12:820 INFO  CreateAccountPage :88 - Entering customer last name :[[ChromeDriver: chrome on WINDOWS (43c8ef2912cd4e063ab3ac85a8012d59)] -> xpath: //input[@id='customer_lastname']]
2021-12-28 19:12:220 INFO  CreateAccountPage :99 - Entering password :[[ChromeDriver: chrome on WINDOWS (43c8ef2912cd4e063ab3ac85a8012d59)] -> xpath: //input[@id='passwd']]
2021-12-28 19:12:468 INFO  CreateAccountPage :106 - Selecting day :[[ChromeDriver: chrome on WINDOWS (43c8ef2912cd4e063ab3ac85a8012d59)] -> xpath: //select[@id='days']]
2021-12-28 19:12:667 INFO  CreateAccountPage :112 - Selecting month :[[ChromeDriver: chrome on WINDOWS (43c8ef2912cd4e063ab3ac85a8012d59)] -> xpath: //select[@id='months']]
2021-12-28 19:12:924 INFO  CreateAccountPage :118 - Selecting year :[[ChromeDriver: chrome on WINDOWS (43c8ef2912cd4e063ab3ac85a8012d59)] -> xpath: //select[@id='years']]
2021-12-28 19:12:60 INFO  CreateAccountPage :124 - Entering first name :[[ChromeDriver: chrome on WINDOWS (43c8ef2912cd4e063ab3ac85a8012d59)] -> id: firstname]
2021-12-28 19:12:208 INFO  CreateAccountPage :130 - Entering last name :[[ChromeDriver: chrome on WINDOWS (43c8ef2912cd4e063ab3ac85a8012d59)] -> id: lastname]
2021-12-28 19:12:326 INFO  CreateAccountPage :135 - Entering company :[[ChromeDriver: chrome on WINDOWS (43c8ef2912cd4e063ab3ac85a8012d59)] -> id: company]
2021-12-28 19:12:431 INFO  CreateAccountPage :140 - Entering address1 :[[ChromeDriver: chrome on WINDOWS (43c8ef2912cd4e063ab3ac85a8012d59)] -> id: address1]
2021-12-28 19:12:536 INFO  CreateAccountPage :150 - Entering city :[[ChromeDriver: chrome on WINDOWS (43c8ef2912cd4e063ab3ac85a8012d59)] -> id: city]
2021-12-28 19:12:330 INFO  CreateAccountPage :157 - Selecting state :[[ChromeDriver: chrome on WINDOWS (43c8ef2912cd4e063ab3ac85a8012d59)] -> xpath: //select[@id='id_state']]
2021-12-28 19:12:423 INFO  CreateAccountPage :162 - Entering postcode :[[ChromeDriver: chrome on WINDOWS (43c8ef2912cd4e063ab3ac85a8012d59)] -> xpath: //input[@id='postcode']]
2021-12-28 19:12:515 INFO  CreateAccountPage :168 - Selecting country :[[ChromeDriver: chrome on WINDOWS (43c8ef2912cd4e063ab3ac85a8012d59)] -> xpath: //select[@id='id_country']]
2021-12-28 19:12:630 INFO  CreateAccountPage :183 - Entering mobile no :[[ChromeDriver: chrome on WINDOWS (43c8ef2912cd4e063ab3ac85a8012d59)] -> id: phone_mobile]
2021-12-28 19:12:805 INFO  CreateAccountPage :189 - Entering alias :[[ChromeDriver: chrome on WINDOWS (43c8ef2912cd4e063ab3ac85a8012d59)] -> id: alias]
2021-12-28 19:12:982 INFO  CreateAccountPage :194 - Click Register[[ChromeDriver: chrome on WINDOWS (43c8ef2912cd4e063ab3ac85a8012d59)] -> xpath: //button[@id='submitAccount']]
2021-12-28 19:12:543 INFO  ManageDriver :34 - Launching Chrome Browser
2021-12-28 19:12:651 INFO  SignInPage :32 - enter email:[[ChromeDriver: chrome on WINDOWS (6af2d6029d4746809989ce0dfd852cc2)] -> id: email_create]
2021-12-28 19:12:766 INFO  SignInPage :37 - click on button[[ChromeDriver: chrome on WINDOWS (6af2d6029d4746809989ce0dfd852cc2)] -> id: SubmitCreate]
2021-12-28 19:12:317 INFO  CreateAccountPage :77 - Select option :[[ChromeDriver: chrome on WINDOWS (6af2d6029d4746809989ce0dfd852cc2)] -> xpath: //label[@for='id_gender2']]
2021-12-28 19:12:445 INFO  CreateAccountPage :83 - Entering Customer first name :[[ChromeDriver: chrome on WINDOWS (6af2d6029d4746809989ce0dfd852cc2)] -> xpath: //input[@id='customer_firstname']]
2021-12-28 19:12:576 INFO  CreateAccountPage :88 - Entering customer last name :[[ChromeDriver: chrome on WINDOWS (6af2d6029d4746809989ce0dfd852cc2)] -> xpath: //input[@id='customer_lastname']]
2021-12-28 19:12:970 INFO  CreateAccountPage :99 - Entering password :[[ChromeDriver: chrome on WINDOWS (6af2d6029d4746809989ce0dfd852cc2)] -> xpath: //input[@id='passwd']]
2021-12-28 19:12:219 INFO  CreateAccountPage :106 - Selecting day :[[ChromeDriver: chrome on WINDOWS (6af2d6029d4746809989ce0dfd852cc2)] -> xpath: //select[@id='days']]
2021-12-28 19:12:409 INFO  CreateAccountPage :112 - Selecting month :[[ChromeDriver: chrome on WINDOWS (6af2d6029d4746809989ce0dfd852cc2)] -> xpath: //select[@id='months']]
2021-12-28 19:12:668 INFO  CreateAccountPage :118 - Selecting year :[[ChromeDriver: chrome on WINDOWS (6af2d6029d4746809989ce0dfd852cc2)] -> xpath: //select[@id='years']]
2021-12-28 19:12:798 INFO  CreateAccountPage :124 - Entering first name :[[ChromeDriver: chrome on WINDOWS (6af2d6029d4746809989ce0dfd852cc2)] -> id: firstname]
2021-12-28 19:12:943 INFO  CreateAccountPage :130 - Entering last name :[[ChromeDriver: chrome on WINDOWS (6af2d6029d4746809989ce0dfd852cc2)] -> id: lastname]
2021-12-28 19:12:62 INFO  CreateAccountPage :135 - Entering company :[[ChromeDriver: chrome on WINDOWS (6af2d6029d4746809989ce0dfd852cc2)] -> id: company]
2021-12-28 19:12:171 INFO  CreateAccountPage :140 - Entering address1 :[[ChromeDriver: chrome on WINDOWS (6af2d6029d4746809989ce0dfd852cc2)] -> id: address1]
2021-12-28 19:12:272 INFO  CreateAccountPage :150 - Entering city :[[ChromeDriver: chrome on WINDOWS (6af2d6029d4746809989ce0dfd852cc2)] -> id: city]
2021-12-28 19:12:64 INFO  CreateAccountPage :157 - Selecting state :[[ChromeDriver: chrome on WINDOWS (6af2d6029d4746809989ce0dfd852cc2)] -> xpath: //select[@id='id_state']]
2021-12-28 19:12:162 INFO  CreateAccountPage :162 - Entering postcode :[[ChromeDriver: chrome on WINDOWS (6af2d6029d4746809989ce0dfd852cc2)] -> xpath: //input[@id='postcode']]
2021-12-28 19:12:249 INFO  CreateAccountPage :168 - Selecting country :[[ChromeDriver: chrome on WINDOWS (6af2d6029d4746809989ce0dfd852cc2)] -> xpath: //select[@id='id_country']]
2021-12-28 19:12:345 INFO  CreateAccountPage :183 - Entering mobile no :[[ChromeDriver: chrome on WINDOWS (6af2d6029d4746809989ce0dfd852cc2)] -> id: phone_mobile]
2021-12-28 19:12:492 INFO  CreateAccountPage :189 - Entering alias :[[ChromeDriver: chrome on WINDOWS (6af2d6029d4746809989ce0dfd852cc2)] -> id: alias]
2021-12-28 19:12:989 INFO  ManageDriver :34 - Launching Chrome Browser
2021-12-28 19:12:962 INFO  SignInPage :32 - enter email:[[ChromeDriver: chrome on WINDOWS (b17fabc26f930e5738a8d1c91a0f5a33)] -> id: email_create]
2021-12-28 19:12:108 INFO  SignInPage :37 - click on button[[ChromeDriver: chrome on WINDOWS (b17fabc26f930e5738a8d1c91a0f5a33)] -> id: SubmitCreate]
2021-12-28 19:12:370 INFO  CreateAccountPage :77 - Select option :[[ChromeDriver: chrome on WINDOWS (b17fabc26f930e5738a8d1c91a0f5a33)] -> xpath: //label[@for='id_gender2']]
2021-12-28 19:12:497 INFO  CreateAccountPage :83 - Entering Customer first name :[[ChromeDriver: chrome on WINDOWS (b17fabc26f930e5738a8d1c91a0f5a33)] -> xpath: //input[@id='customer_firstname']]
2021-12-28 19:12:678 INFO  CreateAccountPage :88 - Entering customer last name :[[ChromeDriver: chrome on WINDOWS (b17fabc26f930e5738a8d1c91a0f5a33)] -> xpath: //input[@id='customer_lastname']]
2021-12-28 19:12:214 INFO  CreateAccountPage :99 - Entering password :[[ChromeDriver: chrome on WINDOWS (b17fabc26f930e5738a8d1c91a0f5a33)] -> xpath: //input[@id='passwd']]
2021-12-28 19:12:487 INFO  CreateAccountPage :106 - Selecting day :[[ChromeDriver: chrome on WINDOWS (b17fabc26f930e5738a8d1c91a0f5a33)] -> xpath: //select[@id='days']]
2021-12-28 19:12:715 INFO  CreateAccountPage :112 - Selecting month :[[ChromeDriver: chrome on WINDOWS (b17fabc26f930e5738a8d1c91a0f5a33)] -> xpath: //select[@id='months']]
2021-12-28 19:12:20 INFO  CreateAccountPage :118 - Selecting year :[[ChromeDriver: chrome on WINDOWS (b17fabc26f930e5738a8d1c91a0f5a33)] -> xpath: //select[@id='years']]
2021-12-28 19:12:170 INFO  CreateAccountPage :124 - Entering first name :[[ChromeDriver: chrome on WINDOWS (b17fabc26f930e5738a8d1c91a0f5a33)] -> id: firstname]
2021-12-28 19:12:346 INFO  CreateAccountPage :130 - Entering last name :[[ChromeDriver: chrome on WINDOWS (b17fabc26f930e5738a8d1c91a0f5a33)] -> id: lastname]
2021-12-28 19:12:470 INFO  CreateAccountPage :135 - Entering company :[[ChromeDriver: chrome on WINDOWS (b17fabc26f930e5738a8d1c91a0f5a33)] -> id: company]
2021-12-28 19:12:604 INFO  CreateAccountPage :140 - Entering address1 :[[ChromeDriver: chrome on WINDOWS (b17fabc26f930e5738a8d1c91a0f5a33)] -> id: address1]
2021-12-28 19:12:727 INFO  CreateAccountPage :150 - Entering city :[[ChromeDriver: chrome on WINDOWS (b17fabc26f930e5738a8d1c91a0f5a33)] -> id: city]
2021-12-28 19:12:527 INFO  CreateAccountPage :157 - Selecting state :[[ChromeDriver: chrome on WINDOWS (b17fabc26f930e5738a8d1c91a0f5a33)] -> xpath: //select[@id='id_state']]
2021-12-28 19:12:653 INFO  CreateAccountPage :162 - Entering postcode :[[ChromeDriver: chrome on WINDOWS (b17fabc26f930e5738a8d1c91a0f5a33)] -> xpath: //input[@id='postcode']]
2021-12-28 19:12:762 INFO  CreateAccountPage :168 - Selecting country :[[ChromeDriver: chrome on WINDOWS (b17fabc26f930e5738a8d1c91a0f5a33)] -> xpath: //select[@id='id_country']]
2021-12-28 19:12:867 INFO  CreateAccountPage :183 - Entering mobile no :[[ChromeDriver: chrome on WINDOWS (b17fabc26f930e5738a8d1c91a0f5a33)] -> id: phone_mobile]
2021-12-28 19:12:31 INFO  CreateAccountPage :189 - Entering alias :[[ChromeDriver: chrome on WINDOWS (b17fabc26f930e5738a8d1c91a0f5a33)] -> id: alias]
2021-12-28 19:12:79 INFO  CreateAccountPage :194 - Click Register[[ChromeDriver: chrome on WINDOWS (b17fabc26f930e5738a8d1c91a0f5a33)] -> xpath: //button[@id='submitAccount']]
2021-12-28 19:12:840 INFO  ManageDriver :34 - Launching Chrome Browser
2021-12-28 19:12:26 INFO  SignInPage :32 - enter email:[[ChromeDriver: chrome on WINDOWS (310d848b436d4756d4aaee8b49d4bb9e)] -> id: email_create]
2021-12-28 19:12:144 INFO  SignInPage :37 - click on button[[ChromeDriver: chrome on WINDOWS (310d848b436d4756d4aaee8b49d4bb9e)] -> id: SubmitCreate]
2021-12-28 19:12:472 INFO  CreateAccountPage :77 - Select option :[[ChromeDriver: chrome on WINDOWS (310d848b436d4756d4aaee8b49d4bb9e)] -> xpath: //label[@for='id_gender2']]
2021-12-28 19:12:591 INFO  CreateAccountPage :83 - Entering Customer first name :[[ChromeDriver: chrome on WINDOWS (310d848b436d4756d4aaee8b49d4bb9e)] -> xpath: //input[@id='customer_firstname']]
2021-12-28 19:12:723 INFO  CreateAccountPage :88 - Entering customer last name :[[ChromeDriver: chrome on WINDOWS (310d848b436d4756d4aaee8b49d4bb9e)] -> xpath: //input[@id='customer_lastname']]
2021-12-28 19:12:146 INFO  CreateAccountPage :99 - Entering password :[[ChromeDriver: chrome on WINDOWS (310d848b436d4756d4aaee8b49d4bb9e)] -> xpath: //input[@id='passwd']]
2021-12-28 19:12:389 INFO  CreateAccountPage :106 - Selecting day :[[ChromeDriver: chrome on WINDOWS (310d848b436d4756d4aaee8b49d4bb9e)] -> xpath: //select[@id='days']]
2021-12-28 19:12:622 INFO  CreateAccountPage :112 - Selecting month :[[ChromeDriver: chrome on WINDOWS (310d848b436d4756d4aaee8b49d4bb9e)] -> xpath: //select[@id='months']]
2021-12-28 19:12:866 INFO  CreateAccountPage :118 - Selecting year :[[ChromeDriver: chrome on WINDOWS (310d848b436d4756d4aaee8b49d4bb9e)] -> xpath: //select[@id='years']]
2021-12-28 19:12:02 INFO  CreateAccountPage :124 - Entering first name :[[ChromeDriver: chrome on WINDOWS (310d848b436d4756d4aaee8b49d4bb9e)] -> id: firstname]
2021-12-28 19:12:154 INFO  CreateAccountPage :130 - Entering last name :[[ChromeDriver: chrome on WINDOWS (310d848b436d4756d4aaee8b49d4bb9e)] -> id: lastname]
2021-12-28 19:12:272 INFO  CreateAccountPage :135 - Entering company :[[ChromeDriver: chrome on WINDOWS (310d848b436d4756d4aaee8b49d4bb9e)] -> id: company]
2021-12-28 19:12:386 INFO  CreateAccountPage :140 - Entering address1 :[[ChromeDriver: chrome on WINDOWS (310d848b436d4756d4aaee8b49d4bb9e)] -> id: address1]
2021-12-28 19:12:483 INFO  CreateAccountPage :150 - Entering city :[[ChromeDriver: chrome on WINDOWS (310d848b436d4756d4aaee8b49d4bb9e)] -> id: city]
2021-12-28 19:12:264 INFO  CreateAccountPage :157 - Selecting state :[[ChromeDriver: chrome on WINDOWS (310d848b436d4756d4aaee8b49d4bb9e)] -> xpath: //select[@id='id_state']]
2021-12-28 19:12:369 INFO  CreateAccountPage :162 - Entering postcode :[[ChromeDriver: chrome on WINDOWS (310d848b436d4756d4aaee8b49d4bb9e)] -> xpath: //input[@id='postcode']]
2021-12-28 19:12:458 INFO  CreateAccountPage :168 - Selecting country :[[ChromeDriver: chrome on WINDOWS (310d848b436d4756d4aaee8b49d4bb9e)] -> xpath: //select[@id='id_country']]
2021-12-28 19:12:566 INFO  CreateAccountPage :183 - Entering mobile no :[[ChromeDriver: chrome on WINDOWS (310d848b436d4756d4aaee8b49d4bb9e)] -> id: phone_mobile]
2021-12-28 19:12:713 INFO  CreateAccountPage :189 - Entering alias :[[ChromeDriver: chrome on WINDOWS (310d848b436d4756d4aaee8b49d4bb9e)] -> id: alias]
2021-12-28 19:12:950 INFO  CreateAccountPage :194 - Click RegisterProxy element for: DefaultElementLocator 'By.xpath: //button[@id='submitAccount']'
